Permission test successful at 2025-06-17 09:10:12
[17-Jun-2025 09:10:12 Europe/Berlin] PHP Warning:  Undefined variable $some_variable_that_does_not_exist in D:\Apps\XAMPP\htdocs\varuna\public\test_error_log.php on line 53
[17-Jun-2025 13:01:55 Asia/Kolkata] PHP Warning:  session_set_cookie_params(): Session cookie parameters cannot be changed when a session is active in D:\Apps\XAMPP\htdocs\varuna\src\core\session.php on line 11
[17-Jun-2025 13:01:55 Asia/Kolkata] PHP Warning:  session_name(): Session name cannot be changed when a session is active in D:\Apps\XAMPP\htdocs\varuna\src\core\session.php on line 12
[17-Jun-2025 13:01:56 Asia/Kolkata] PHP Warning:  session_set_cookie_params(): Session cookie parameters cannot be changed when a session is active in D:\Apps\XAMPP\htdocs\varuna\src\core\session.php on line 11
[17-Jun-2025 13:01:56 Asia/Kolkata] PHP Warning:  session_name(): Session name cannot be changed when a session is active in D:\Apps\XAMPP\htdocs\varuna\src\core\session.php on line 12
[17-Jun-2025 13:02:22 Asia/Kolkata] PHP Warning:  session_set_cookie_params(): Session cookie parameters cannot be changed when a session is active in D:\Apps\XAMPP\htdocs\varuna\src\core\session.php on line 11
[17-Jun-2025 13:02:22 Asia/Kolkata] PHP Warning:  session_name(): Session name cannot be changed when a session is active in D:\Apps\XAMPP\htdocs\varuna\src\core\session.php on line 12
[17-Jun-2025 13:02:22 Asia/Kolkata] PHP Warning:  session_set_cookie_params(): Session cookie parameters cannot be changed when a session is active in D:\Apps\XAMPP\htdocs\varuna\src\core\session.php on line 11
[17-Jun-2025 13:02:22 Asia/Kolkata] PHP Warning:  session_name(): Session name cannot be changed when a session is active in D:\Apps\XAMPP\htdocs\varuna\src\core\session.php on line 12
[17-Jun-2025 13:02:22 Asia/Kolkata] PHP Warning:  session_set_cookie_params(): Session cookie parameters cannot be changed when a session is active in D:\Apps\XAMPP\htdocs\varuna\src\core\session.php on line 11
[17-Jun-2025 13:02:22 Asia/Kolkata] PHP Warning:  session_name(): Session name cannot be changed when a session is active in D:\Apps\XAMPP\htdocs\varuna\src\core\session.php on line 12
[17-Jun-2025 13:02:44 Asia/Kolkata] PHP Warning:  session_set_cookie_params(): Session cookie parameters cannot be changed when a session is active in D:\Apps\XAMPP\htdocs\varuna\src\core\session.php on line 11
[17-Jun-2025 13:02:44 Asia/Kolkata] PHP Warning:  session_name(): Session name cannot be changed when a session is active in D:\Apps\XAMPP\htdocs\varuna\src\core\session.php on line 12
[17-Jun-2025 13:03:24 Asia/Kolkata] PHP Warning:  session_set_cookie_params(): Session cookie parameters cannot be changed when a session is active in D:\Apps\XAMPP\htdocs\varuna\src\core\session.php on line 11
[17-Jun-2025 13:03:24 Asia/Kolkata] PHP Warning:  session_name(): Session name cannot be changed when a session is active in D:\Apps\XAMPP\htdocs\varuna\src\core\session.php on line 12
[17-Jun-2025 13:03:24 Asia/Kolkata] PHP Warning:  session_set_cookie_params(): Session cookie parameters cannot be changed when a session is active in D:\Apps\XAMPP\htdocs\varuna\src\core\session.php on line 11
[17-Jun-2025 13:03:24 Asia/Kolkata] PHP Warning:  session_name(): Session name cannot be changed when a session is active in D:\Apps\XAMPP\htdocs\varuna\src\core\session.php on line 12
[17-Jun-2025 13:03:24 Asia/Kolkata] PHP Warning:  session_set_cookie_params(): Session cookie parameters cannot be changed when a session is active in D:\Apps\XAMPP\htdocs\varuna\src\core\session.php on line 11
[17-Jun-2025 13:03:24 Asia/Kolkata] PHP Warning:  session_name(): Session name cannot be changed when a session is active in D:\Apps\XAMPP\htdocs\varuna\src\core\session.php on line 12
[17-Jun-2025 13:03:28 Asia/Kolkata] PHP Warning:  session_set_cookie_params(): Session cookie parameters cannot be changed when a session is active in D:\Apps\XAMPP\htdocs\varuna\src\core\session.php on line 11
[17-Jun-2025 13:03:28 Asia/Kolkata] PHP Warning:  session_name(): Session name cannot be changed when a session is active in D:\Apps\XAMPP\htdocs\varuna\src\core\session.php on line 12
[17-Jun-2025 13:03:28 Asia/Kolkata] PHP Warning:  session_set_cookie_params(): Session cookie parameters cannot be changed when a session is active in D:\Apps\XAMPP\htdocs\varuna\src\core\session.php on line 11
[17-Jun-2025 13:03:28 Asia/Kolkata] PHP Warning:  session_name(): Session name cannot be changed when a session is active in D:\Apps\XAMPP\htdocs\varuna\src\core\session.php on line 12
[17-Jun-2025 13:03:28 Asia/Kolkata] PHP Warning:  session_set_cookie_params(): Session cookie parameters cannot be changed when a session is active in D:\Apps\XAMPP\htdocs\varuna\src\core\session.php on line 11
[17-Jun-2025 13:03:28 Asia/Kolkata] PHP Warning:  session_name(): Session name cannot be changed when a session is active in D:\Apps\XAMPP\htdocs\varuna\src\core\session.php on line 12
[17-Jun-2025 13:03:28 Asia/Kolkata] PHP Warning:  session_set_cookie_params(): Session cookie parameters cannot be changed when a session is active in D:\Apps\XAMPP\htdocs\varuna\src\core\session.php on line 11
[17-Jun-2025 13:03:28 Asia/Kolkata] PHP Warning:  session_name(): Session name cannot be changed when a session is active in D:\Apps\XAMPP\htdocs\varuna\src\core\session.php on line 12
[17-Jun-2025 13:03:31 Asia/Kolkata] PHP Warning:  session_set_cookie_params(): Session cookie parameters cannot be changed when a session is active in D:\Apps\XAMPP\htdocs\varuna\src\core\session.php on line 11
[17-Jun-2025 13:03:31 Asia/Kolkata] PHP Warning:  session_name(): Session name cannot be changed when a session is active in D:\Apps\XAMPP\htdocs\varuna\src\core\session.php on line 12
[17-Jun-2025 13:03:31 Asia/Kolkata] PHP Warning:  session_set_cookie_params(): Session cookie parameters cannot be changed when a session is active in D:\Apps\XAMPP\htdocs\varuna\src\core\session.php on line 11
[17-Jun-2025 13:03:31 Asia/Kolkata] PHP Warning:  session_name(): Session name cannot be changed when a session is active in D:\Apps\XAMPP\htdocs\varuna\src\core\session.php on line 12
[17-Jun-2025 13:03:34 Asia/Kolkata] PHP Warning:  session_set_cookie_params(): Session cookie parameters cannot be changed when a session is active in D:\Apps\XAMPP\htdocs\varuna\src\core\session.php on line 11
[17-Jun-2025 13:03:34 Asia/Kolkata] PHP Warning:  session_name(): Session name cannot be changed when a session is active in D:\Apps\XAMPP\htdocs\varuna\src\core\session.php on line 12
[17-Jun-2025 13:03:34 Asia/Kolkata] PHP Warning:  session_set_cookie_params(): Session cookie parameters cannot be changed when a session is active in D:\Apps\XAMPP\htdocs\varuna\src\core\session.php on line 11
[17-Jun-2025 13:03:34 Asia/Kolkata] PHP Warning:  session_name(): Session name cannot be changed when a session is active in D:\Apps\XAMPP\htdocs\varuna\src\core\session.php on line 12
[17-Jun-2025 13:03:35 Asia/Kolkata] PHP Warning:  session_set_cookie_params(): Session cookie parameters cannot be changed when a session is active in D:\Apps\XAMPP\htdocs\varuna\src\core\session.php on line 11
[17-Jun-2025 13:03:35 Asia/Kolkata] PHP Warning:  session_name(): Session name cannot be changed when a session is active in D:\Apps\XAMPP\htdocs\varuna\src\core\session.php on line 12
[17-Jun-2025 13:03:39 Asia/Kolkata] PHP Warning:  session_set_cookie_params(): Session cookie parameters cannot be changed when a session is active in D:\Apps\XAMPP\htdocs\varuna\src\core\session.php on line 11
[17-Jun-2025 13:03:39 Asia/Kolkata] PHP Warning:  session_name(): Session name cannot be changed when a session is active in D:\Apps\XAMPP\htdocs\varuna\src\core\session.php on line 12
[17-Jun-2025 13:03:43 Asia/Kolkata] PHP Warning:  session_set_cookie_params(): Session cookie parameters cannot be changed when a session is active in D:\Apps\XAMPP\htdocs\varuna\src\core\session.php on line 11
[17-Jun-2025 13:03:43 Asia/Kolkata] PHP Warning:  session_name(): Session name cannot be changed when a session is active in D:\Apps\XAMPP\htdocs\varuna\src\core\session.php on line 12
[17-Jun-2025 13:03:43 Asia/Kolkata] PHP Warning:  session_set_cookie_params(): Session cookie parameters cannot be changed when a session is active in D:\Apps\XAMPP\htdocs\varuna\src\core\session.php on line 11
[17-Jun-2025 13:03:43 Asia/Kolkata] PHP Warning:  session_name(): Session name cannot be changed when a session is active in D:\Apps\XAMPP\htdocs\varuna\src\core\session.php on line 12
[17-Jun-2025 13:03:44 Asia/Kolkata] PHP Warning:  session_set_cookie_params(): Session cookie parameters cannot be changed when a session is active in D:\Apps\XAMPP\htdocs\varuna\src\core\session.php on line 11
[17-Jun-2025 13:03:44 Asia/Kolkata] PHP Warning:  session_name(): Session name cannot be changed when a session is active in D:\Apps\XAMPP\htdocs\varuna\src\core\session.php on line 12
[17-Jun-2025 13:31:23 Asia/Kolkata] PHP Warning:  session_set_cookie_params(): Session cookie parameters cannot be changed when a session is active in D:\Apps\XAMPP\htdocs\varuna\src\core\session.php on line 11
[17-Jun-2025 13:31:23 Asia/Kolkata] PHP Warning:  session_name(): Session name cannot be changed when a session is active in D:\Apps\XAMPP\htdocs\varuna\src\core\session.php on line 12
[17-Jun-2025 13:31:23 Asia/Kolkata] PHP Warning:  session_set_cookie_params(): Session cookie parameters cannot be changed when a session is active in D:\Apps\XAMPP\htdocs\varuna\src\core\session.php on line 11
[17-Jun-2025 13:31:23 Asia/Kolkata] PHP Warning:  session_name(): Session name cannot be changed when a session is active in D:\Apps\XAMPP\htdocs\varuna\src\core\session.php on line 12
[17-Jun-2025 13:31:23 Asia/Kolkata] PHP Warning:  session_set_cookie_params(): Session cookie parameters cannot be changed when a session is active in D:\Apps\XAMPP\htdocs\varuna\src\core\session.php on line 11
[17-Jun-2025 13:31:23 Asia/Kolkata] PHP Warning:  session_name(): Session name cannot be changed when a session is active in D:\Apps\XAMPP\htdocs\varuna\src\core\session.php on line 12
[17-Jun-2025 13:31:26 Asia/Kolkata] PHP Warning:  session_set_cookie_params(): Session cookie parameters cannot be changed when a session is active in D:\Apps\XAMPP\htdocs\varuna\src\core\session.php on line 11
[17-Jun-2025 13:31:26 Asia/Kolkata] PHP Warning:  session_name(): Session name cannot be changed when a session is active in D:\Apps\XAMPP\htdocs\varuna\src\core\session.php on line 12
[17-Jun-2025 13:31:27 Asia/Kolkata] PHP Warning:  session_set_cookie_params(): Session cookie parameters cannot be changed when a session is active in D:\Apps\XAMPP\htdocs\varuna\src\core\session.php on line 11
[17-Jun-2025 13:31:27 Asia/Kolkata] PHP Warning:  session_name(): Session name cannot be changed when a session is active in D:\Apps\XAMPP\htdocs\varuna\src\core\session.php on line 12
[17-Jun-2025 13:31:29 Asia/Kolkata] PHP Warning:  session_set_cookie_params(): Session cookie parameters cannot be changed when a session is active in D:\Apps\XAMPP\htdocs\varuna\src\core\session.php on line 11
[17-Jun-2025 13:31:29 Asia/Kolkata] PHP Warning:  session_name(): Session name cannot be changed when a session is active in D:\Apps\XAMPP\htdocs\varuna\src\core\session.php on line 12
[17-Jun-2025 13:31:29 Asia/Kolkata] PHP Warning:  session_set_cookie_params(): Session cookie parameters cannot be changed when a session is active in D:\Apps\XAMPP\htdocs\varuna\src\core\session.php on line 11
[17-Jun-2025 13:31:29 Asia/Kolkata] PHP Warning:  session_name(): Session name cannot be changed when a session is active in D:\Apps\XAMPP\htdocs\varuna\src\core\session.php on line 12
[17-Jun-2025 13:31:36 Asia/Kolkata] PHP Warning:  session_set_cookie_params(): Session cookie parameters cannot be changed when a session is active in D:\Apps\XAMPP\htdocs\varuna\src\core\session.php on line 11
[17-Jun-2025 13:31:36 Asia/Kolkata] PHP Warning:  session_name(): Session name cannot be changed when a session is active in D:\Apps\XAMPP\htdocs\varuna\src\core\session.php on line 12
[17-Jun-2025 13:31:36 Asia/Kolkata] PHP Warning:  session_set_cookie_params(): Session cookie parameters cannot be changed when a session is active in D:\Apps\XAMPP\htdocs\varuna\src\core\session.php on line 11
[17-Jun-2025 13:31:36 Asia/Kolkata] PHP Warning:  session_name(): Session name cannot be changed when a session is active in D:\Apps\XAMPP\htdocs\varuna\src\core\session.php on line 12
[17-Jun-2025 13:31:38 Asia/Kolkata] PHP Warning:  session_set_cookie_params(): Session cookie parameters cannot be changed when a session is active in D:\Apps\XAMPP\htdocs\varuna\src\core\session.php on line 11
[17-Jun-2025 13:31:38 Asia/Kolkata] PHP Warning:  session_name(): Session name cannot be changed when a session is active in D:\Apps\XAMPP\htdocs\varuna\src\core\session.php on line 12
[17-Jun-2025 13:31:39 Asia/Kolkata] PHP Warning:  session_set_cookie_params(): Session cookie parameters cannot be changed when a session is active in D:\Apps\XAMPP\htdocs\varuna\src\core\session.php on line 11
[17-Jun-2025 13:31:39 Asia/Kolkata] PHP Warning:  session_name(): Session name cannot be changed when a session is active in D:\Apps\XAMPP\htdocs\varuna\src\core\session.php on line 12
[17-Jun-2025 13:31:42 Asia/Kolkata] PHP Warning:  session_set_cookie_params(): Session cookie parameters cannot be changed when a session is active in D:\Apps\XAMPP\htdocs\varuna\src\core\session.php on line 11
[17-Jun-2025 13:31:42 Asia/Kolkata] PHP Warning:  session_name(): Session name cannot be changed when a session is active in D:\Apps\XAMPP\htdocs\varuna\src\core\session.php on line 12
[17-Jun-2025 13:32:22 Asia/Kolkata] PHP Warning:  session_set_cookie_params(): Session cookie parameters cannot be changed when a session is active in D:\Apps\XAMPP\htdocs\varuna\src\core\session.php on line 11
[17-Jun-2025 13:32:22 Asia/Kolkata] PHP Warning:  session_name(): Session name cannot be changed when a session is active in D:\Apps\XAMPP\htdocs\varuna\src\core\session.php on line 12
[17-Jun-2025 13:32:22 Asia/Kolkata] PHP Warning:  session_set_cookie_params(): Session cookie parameters cannot be changed when a session is active in D:\Apps\XAMPP\htdocs\varuna\src\core\session.php on line 11
[17-Jun-2025 13:32:22 Asia/Kolkata] PHP Warning:  session_name(): Session name cannot be changed when a session is active in D:\Apps\XAMPP\htdocs\varuna\src\core\session.php on line 12
[17-Jun-2025 13:32:23 Asia/Kolkata] PHP Warning:  session_set_cookie_params(): Session cookie parameters cannot be changed when a session is active in D:\Apps\XAMPP\htdocs\varuna\src\core\session.php on line 11
[17-Jun-2025 13:32:23 Asia/Kolkata] PHP Warning:  session_name(): Session name cannot be changed when a session is active in D:\Apps\XAMPP\htdocs\varuna\src\core\session.php on line 12
[17-Jun-2025 13:32:23 Asia/Kolkata] PHP Warning:  session_set_cookie_params(): Session cookie parameters cannot be changed when a session is active in D:\Apps\XAMPP\htdocs\varuna\src\core\session.php on line 11
[17-Jun-2025 13:32:23 Asia/Kolkata] PHP Warning:  session_name(): Session name cannot be changed when a session is active in D:\Apps\XAMPP\htdocs\varuna\src\core\session.php on line 12
[17-Jun-2025 13:32:24 Asia/Kolkata] PHP Warning:  session_set_cookie_params(): Session cookie parameters cannot be changed when a session is active in D:\Apps\XAMPP\htdocs\varuna\src\core\session.php on line 11
[17-Jun-2025 13:32:24 Asia/Kolkata] PHP Warning:  session_name(): Session name cannot be changed when a session is active in D:\Apps\XAMPP\htdocs\varuna\src\core\session.php on line 12
[17-Jun-2025 13:33:03 Asia/Kolkata] PHP Warning:  session_set_cookie_params(): Session cookie parameters cannot be changed when a session is active in D:\Apps\XAMPP\htdocs\varuna\src\core\session.php on line 11
[17-Jun-2025 13:33:03 Asia/Kolkata] PHP Warning:  session_name(): Session name cannot be changed when a session is active in D:\Apps\XAMPP\htdocs\varuna\src\core\session.php on line 12
[17-Jun-2025 13:33:05 Asia/Kolkata] PHP Warning:  session_set_cookie_params(): Session cookie parameters cannot be changed when a session is active in D:\Apps\XAMPP\htdocs\varuna\src\core\session.php on line 11
[17-Jun-2025 13:33:05 Asia/Kolkata] PHP Warning:  session_name(): Session name cannot be changed when a session is active in D:\Apps\XAMPP\htdocs\varuna\src\core\session.php on line 12
[17-Jun-2025 13:33:08 Asia/Kolkata] PHP Warning:  session_set_cookie_params(): Session cookie parameters cannot be changed when a session is active in D:\Apps\XAMPP\htdocs\varuna\src\core\session.php on line 11
[17-Jun-2025 13:33:08 Asia/Kolkata] PHP Warning:  session_name(): Session name cannot be changed when a session is active in D:\Apps\XAMPP\htdocs\varuna\src\core\session.php on line 12
[17-Jun-2025 13:35:44 Asia/Kolkata] PHP Warning:  session_set_cookie_params(): Session cookie parameters cannot be changed when a session is active in D:\Apps\XAMPP\htdocs\varuna\src\core\session.php on line 11
[17-Jun-2025 13:35:44 Asia/Kolkata] PHP Warning:  session_name(): Session name cannot be changed when a session is active in D:\Apps\XAMPP\htdocs\varuna\src\core\session.php on line 12
[17-Jun-2025 13:35:45 Asia/Kolkata] PHP Warning:  session_set_cookie_params(): Session cookie parameters cannot be changed when a session is active in D:\Apps\XAMPP\htdocs\varuna\src\core\session.php on line 11
[17-Jun-2025 13:35:45 Asia/Kolkata] PHP Warning:  session_name(): Session name cannot be changed when a session is active in D:\Apps\XAMPP\htdocs\varuna\src\core\session.php on line 12
[17-Jun-2025 13:35:45 Asia/Kolkata] PHP Warning:  session_set_cookie_params(): Session cookie parameters cannot be changed when a session is active in D:\Apps\XAMPP\htdocs\varuna\src\core\session.php on line 11
[17-Jun-2025 13:35:45 Asia/Kolkata] PHP Warning:  session_name(): Session name cannot be changed when a session is active in D:\Apps\XAMPP\htdocs\varuna\src\core\session.php on line 12
[17-Jun-2025 13:35:55 Asia/Kolkata] PHP Warning:  session_set_cookie_params(): Session cookie parameters cannot be changed when a session is active in D:\Apps\XAMPP\htdocs\varuna\src\core\session.php on line 11
[17-Jun-2025 13:35:55 Asia/Kolkata] PHP Warning:  session_name(): Session name cannot be changed when a session is active in D:\Apps\XAMPP\htdocs\varuna\src\core\session.php on line 12
[17-Jun-2025 13:36:01 Asia/Kolkata] PHP Warning:  session_set_cookie_params(): Session cookie parameters cannot be changed when a session is active in D:\Apps\XAMPP\htdocs\varuna\src\core\session.php on line 11
[17-Jun-2025 13:36:01 Asia/Kolkata] PHP Warning:  session_name(): Session name cannot be changed when a session is active in D:\Apps\XAMPP\htdocs\varuna\src\core\session.php on line 12
[17-Jun-2025 13:36:01 Asia/Kolkata] PHP Warning:  session_set_cookie_params(): Session cookie parameters cannot be changed when a session is active in D:\Apps\XAMPP\htdocs\varuna\src\core\session.php on line 11
[17-Jun-2025 13:36:01 Asia/Kolkata] PHP Warning:  session_name(): Session name cannot be changed when a session is active in D:\Apps\XAMPP\htdocs\varuna\src\core\session.php on line 12
[17-Jun-2025 13:36:01 Asia/Kolkata] PHP Warning:  session_set_cookie_params(): Session cookie parameters cannot be changed when a session is active in D:\Apps\XAMPP\htdocs\varuna\src\core\session.php on line 11
[17-Jun-2025 13:36:01 Asia/Kolkata] PHP Warning:  session_name(): Session name cannot be changed when a session is active in D:\Apps\XAMPP\htdocs\varuna\src\core\session.php on line 12
[17-Jun-2025 13:38:56 Asia/Kolkata] PHP Warning:  session_set_cookie_params(): Session cookie parameters cannot be changed when a session is active in D:\Apps\XAMPP\htdocs\varuna\src\core\session.php on line 11
[17-Jun-2025 13:38:56 Asia/Kolkata] PHP Warning:  session_name(): Session name cannot be changed when a session is active in D:\Apps\XAMPP\htdocs\varuna\src\core\session.php on line 12
[17-Jun-2025 13:38:57 Asia/Kolkata] PHP Warning:  session_set_cookie_params(): Session cookie parameters cannot be changed when a session is active in D:\Apps\XAMPP\htdocs\varuna\src\core\session.php on line 11
[17-Jun-2025 13:38:57 Asia/Kolkata] PHP Warning:  session_name(): Session name cannot be changed when a session is active in D:\Apps\XAMPP\htdocs\varuna\src\core\session.php on line 12
[17-Jun-2025 13:39:01 Asia/Kolkata] PHP Warning:  session_set_cookie_params(): Session cookie parameters cannot be changed when a session is active in D:\Apps\XAMPP\htdocs\varuna\src\core\session.php on line 11
[17-Jun-2025 13:39:01 Asia/Kolkata] PHP Warning:  session_name(): Session name cannot be changed when a session is active in D:\Apps\XAMPP\htdocs\varuna\src\core\session.php on line 12
[17-Jun-2025 13:39:02 Asia/Kolkata] PHP Warning:  session_set_cookie_params(): Session cookie parameters cannot be changed when a session is active in D:\Apps\XAMPP\htdocs\varuna\src\core\session.php on line 11
[17-Jun-2025 13:39:02 Asia/Kolkata] PHP Warning:  session_name(): Session name cannot be changed when a session is active in D:\Apps\XAMPP\htdocs\varuna\src\core\session.php on line 12
[17-Jun-2025 13:39:09 Asia/Kolkata] PHP Warning:  session_set_cookie_params(): Session cookie parameters cannot be changed when a session is active in D:\Apps\XAMPP\htdocs\varuna\src\core\session.php on line 11
[17-Jun-2025 13:39:09 Asia/Kolkata] PHP Warning:  session_name(): Session name cannot be changed when a session is active in D:\Apps\XAMPP\htdocs\varuna\src\core\session.php on line 12
[17-Jun-2025 13:39:09 Asia/Kolkata] PHP Warning:  session_set_cookie_params(): Session cookie parameters cannot be changed when a session is active in D:\Apps\XAMPP\htdocs\varuna\src\core\session.php on line 11
[17-Jun-2025 13:39:09 Asia/Kolkata] PHP Warning:  session_name(): Session name cannot be changed when a session is active in D:\Apps\XAMPP\htdocs\varuna\src\core\session.php on line 12
[17-Jun-2025 13:39:11 Asia/Kolkata] PHP Warning:  session_set_cookie_params(): Session cookie parameters cannot be changed when a session is active in D:\Apps\XAMPP\htdocs\varuna\src\core\session.php on line 11
[17-Jun-2025 13:39:11 Asia/Kolkata] PHP Warning:  session_name(): Session name cannot be changed when a session is active in D:\Apps\XAMPP\htdocs\varuna\src\core\session.php on line 12
[17-Jun-2025 13:39:11 Asia/Kolkata] PHP Warning:  session_set_cookie_params(): Session cookie parameters cannot be changed when a session is active in D:\Apps\XAMPP\htdocs\varuna\src\core\session.php on line 11
[17-Jun-2025 13:39:11 Asia/Kolkata] PHP Warning:  session_name(): Session name cannot be changed when a session is active in D:\Apps\XAMPP\htdocs\varuna\src\core\session.php on line 12
[17-Jun-2025 13:39:13 Asia/Kolkata] PHP Warning:  session_set_cookie_params(): Session cookie parameters cannot be changed when a session is active in D:\Apps\XAMPP\htdocs\varuna\src\core\session.php on line 11
[17-Jun-2025 13:39:13 Asia/Kolkata] PHP Warning:  session_name(): Session name cannot be changed when a session is active in D:\Apps\XAMPP\htdocs\varuna\src\core\session.php on line 12
[17-Jun-2025 13:39:13 Asia/Kolkata] PHP Warning:  session_set_cookie_params(): Session cookie parameters cannot be changed when a session is active in D:\Apps\XAMPP\htdocs\varuna\src\core\session.php on line 11
[17-Jun-2025 13:39:13 Asia/Kolkata] PHP Warning:  session_name(): Session name cannot be changed when a session is active in D:\Apps\XAMPP\htdocs\varuna\src\core\session.php on line 12
[17-Jun-2025 13:39:22 Asia/Kolkata] PHP Warning:  session_set_cookie_params(): Session cookie parameters cannot be changed when a session is active in D:\Apps\XAMPP\htdocs\varuna\src\core\session.php on line 11
[17-Jun-2025 13:39:22 Asia/Kolkata] PHP Warning:  session_name(): Session name cannot be changed when a session is active in D:\Apps\XAMPP\htdocs\varuna\src\core\session.php on line 12
[17-Jun-2025 13:39:22 Asia/Kolkata] PHP Warning:  session_set_cookie_params(): Session cookie parameters cannot be changed when a session is active in D:\Apps\XAMPP\htdocs\varuna\src\core\session.php on line 11
[17-Jun-2025 13:39:22 Asia/Kolkata] PHP Warning:  session_name(): Session name cannot be changed when a session is active in D:\Apps\XAMPP\htdocs\varuna\src\core\session.php on line 12
[17-Jun-2025 13:39:23 Asia/Kolkata] PHP Warning:  session_set_cookie_params(): Session cookie parameters cannot be changed when a session is active in D:\Apps\XAMPP\htdocs\varuna\src\core\session.php on line 11
[17-Jun-2025 13:39:23 Asia/Kolkata] PHP Warning:  session_name(): Session name cannot be changed when a session is active in D:\Apps\XAMPP\htdocs\varuna\src\core\session.php on line 12
[17-Jun-2025 13:39:34 Asia/Kolkata] PHP Warning:  session_set_cookie_params(): Session cookie parameters cannot be changed when a session is active in D:\Apps\XAMPP\htdocs\varuna\src\core\session.php on line 11
[17-Jun-2025 13:39:34 Asia/Kolkata] PHP Warning:  session_name(): Session name cannot be changed when a session is active in D:\Apps\XAMPP\htdocs\varuna\src\core\session.php on line 12
[17-Jun-2025 13:39:34 Asia/Kolkata] PHP Warning:  session_set_cookie_params(): Session cookie parameters cannot be changed when a session is active in D:\Apps\XAMPP\htdocs\varuna\src\core\session.php on line 11
[17-Jun-2025 13:39:34 Asia/Kolkata] PHP Warning:  session_name(): Session name cannot be changed when a session is active in D:\Apps\XAMPP\htdocs\varuna\src\core\session.php on line 12
[17-Jun-2025 13:44:01 Asia/Kolkata] PHP Warning:  session_set_cookie_params(): Session cookie parameters cannot be changed when a session is active in D:\Apps\XAMPP\htdocs\varuna\src\core\session.php on line 11
[17-Jun-2025 13:44:01 Asia/Kolkata] PHP Warning:  session_name(): Session name cannot be changed when a session is active in D:\Apps\XAMPP\htdocs\varuna\src\core\session.php on line 12
[17-Jun-2025 13:44:01 Asia/Kolkata] PHP Warning:  session_set_cookie_params(): Session cookie parameters cannot be changed when a session is active in D:\Apps\XAMPP\htdocs\varuna\src\core\session.php on line 11
[17-Jun-2025 13:44:01 Asia/Kolkata] PHP Warning:  session_name(): Session name cannot be changed when a session is active in D:\Apps\XAMPP\htdocs\varuna\src\core\session.php on line 12
[17-Jun-2025 13:44:01 Asia/Kolkata] PHP Warning:  session_set_cookie_params(): Session cookie parameters cannot be changed when a session is active in D:\Apps\XAMPP\htdocs\varuna\src\core\session.php on line 11
[17-Jun-2025 13:44:01 Asia/Kolkata] PHP Warning:  session_name(): Session name cannot be changed when a session is active in D:\Apps\XAMPP\htdocs\varuna\src\core\session.php on line 12
[17-Jun-2025 13:44:03 Asia/Kolkata] PHP Warning:  session_set_cookie_params(): Session cookie parameters cannot be changed when a session is active in D:\Apps\XAMPP\htdocs\varuna\src\core\session.php on line 11
[17-Jun-2025 13:44:03 Asia/Kolkata] PHP Warning:  session_name(): Session name cannot be changed when a session is active in D:\Apps\XAMPP\htdocs\varuna\src\core\session.php on line 12
[17-Jun-2025 13:44:03 Asia/Kolkata] PHP Warning:  session_set_cookie_params(): Session cookie parameters cannot be changed when a session is active in D:\Apps\XAMPP\htdocs\varuna\src\core\session.php on line 11
[17-Jun-2025 13:44:03 Asia/Kolkata] PHP Warning:  session_name(): Session name cannot be changed when a session is active in D:\Apps\XAMPP\htdocs\varuna\src\core\session.php on line 12
[17-Jun-2025 13:44:07 Asia/Kolkata] PHP Warning:  session_set_cookie_params(): Session cookie parameters cannot be changed when a session is active in D:\Apps\XAMPP\htdocs\varuna\src\core\session.php on line 11
[17-Jun-2025 13:44:07 Asia/Kolkata] PHP Warning:  session_name(): Session name cannot be changed when a session is active in D:\Apps\XAMPP\htdocs\varuna\src\core\session.php on line 12
[17-Jun-2025 13:44:07 Asia/Kolkata] PHP Warning:  session_set_cookie_params(): Session cookie parameters cannot be changed when a session is active in D:\Apps\XAMPP\htdocs\varuna\src\core\session.php on line 11
[17-Jun-2025 13:44:07 Asia/Kolkata] PHP Warning:  session_name(): Session name cannot be changed when a session is active in D:\Apps\XAMPP\htdocs\varuna\src\core\session.php on line 12
[17-Jun-2025 13:44:22 Asia/Kolkata] PHP Warning:  session_set_cookie_params(): Session cookie parameters cannot be changed when a session is active in D:\Apps\XAMPP\htdocs\varuna\src\core\session.php on line 11
[17-Jun-2025 13:44:22 Asia/Kolkata] PHP Warning:  session_name(): Session name cannot be changed when a session is active in D:\Apps\XAMPP\htdocs\varuna\src\core\session.php on line 12
[17-Jun-2025 13:44:22 Asia/Kolkata] PHP Warning:  session_set_cookie_params(): Session cookie parameters cannot be changed when a session is active in D:\Apps\XAMPP\htdocs\varuna\src\core\session.php on line 11
[17-Jun-2025 13:44:22 Asia/Kolkata] PHP Warning:  session_name(): Session name cannot be changed when a session is active in D:\Apps\XAMPP\htdocs\varuna\src\core\session.php on line 12
[17-Jun-2025 13:47:51 Asia/Kolkata] PHP Warning:  session_set_cookie_params(): Session cookie parameters cannot be changed when a session is active in D:\Apps\XAMPP\htdocs\varuna\src\core\session.php on line 11
[17-Jun-2025 13:47:51 Asia/Kolkata] PHP Warning:  session_name(): Session name cannot be changed when a session is active in D:\Apps\XAMPP\htdocs\varuna\src\core\session.php on line 12
[17-Jun-2025 13:47:51 Asia/Kolkata] PHP Warning:  session_set_cookie_params(): Session cookie parameters cannot be changed when a session is active in D:\Apps\XAMPP\htdocs\varuna\src\core\session.php on line 11
[17-Jun-2025 13:47:51 Asia/Kolkata] PHP Warning:  session_name(): Session name cannot be changed when a session is active in D:\Apps\XAMPP\htdocs\varuna\src\core\session.php on line 12
[17-Jun-2025 13:47:51 Asia/Kolkata] PHP Warning:  session_set_cookie_params(): Session cookie parameters cannot be changed when a session is active in D:\Apps\XAMPP\htdocs\varuna\src\core\session.php on line 11
[17-Jun-2025 13:47:51 Asia/Kolkata] PHP Warning:  session_name(): Session name cannot be changed when a session is active in D:\Apps\XAMPP\htdocs\varuna\src\core\session.php on line 12
[17-Jun-2025 13:47:59 Asia/Kolkata] PHP Warning:  session_set_cookie_params(): Session cookie parameters cannot be changed when a session is active in D:\Apps\XAMPP\htdocs\varuna\src\core\session.php on line 11
[17-Jun-2025 13:47:59 Asia/Kolkata] PHP Warning:  session_name(): Session name cannot be changed when a session is active in D:\Apps\XAMPP\htdocs\varuna\src\core\session.php on line 12
[17-Jun-2025 13:47:59 Asia/Kolkata] PHP Warning:  session_set_cookie_params(): Session cookie parameters cannot be changed when a session is active in D:\Apps\XAMPP\htdocs\varuna\src\core\session.php on line 11
[17-Jun-2025 13:47:59 Asia/Kolkata] PHP Warning:  session_name(): Session name cannot be changed when a session is active in D:\Apps\XAMPP\htdocs\varuna\src\core\session.php on line 12
[17-Jun-2025 13:47:59 Asia/Kolkata] PHP Warning:  session_set_cookie_params(): Session cookie parameters cannot be changed when a session is active in D:\Apps\XAMPP\htdocs\varuna\src\core\session.php on line 11
[17-Jun-2025 13:47:59 Asia/Kolkata] PHP Warning:  session_name(): Session name cannot be changed when a session is active in D:\Apps\XAMPP\htdocs\varuna\src\core\session.php on line 12
[17-Jun-2025 13:48:01 Asia/Kolkata] PHP Warning:  session_set_cookie_params(): Session cookie parameters cannot be changed when a session is active in D:\Apps\XAMPP\htdocs\varuna\src\core\session.php on line 11
[17-Jun-2025 13:48:01 Asia/Kolkata] PHP Warning:  session_name(): Session name cannot be changed when a session is active in D:\Apps\XAMPP\htdocs\varuna\src\core\session.php on line 12
[17-Jun-2025 13:48:01 Asia/Kolkata] PHP Warning:  session_set_cookie_params(): Session cookie parameters cannot be changed when a session is active in D:\Apps\XAMPP\htdocs\varuna\src\core\session.php on line 11
[17-Jun-2025 13:48:01 Asia/Kolkata] PHP Warning:  session_name(): Session name cannot be changed when a session is active in D:\Apps\XAMPP\htdocs\varuna\src\core\session.php on line 12
[17-Jun-2025 13:48:01 Asia/Kolkata] PHP Warning:  session_set_cookie_params(): Session cookie parameters cannot be changed when a session is active in D:\Apps\XAMPP\htdocs\varuna\src\core\session.php on line 11
[17-Jun-2025 13:48:01 Asia/Kolkata] PHP Warning:  session_name(): Session name cannot be changed when a session is active in D:\Apps\XAMPP\htdocs\varuna\src\core\session.php on line 12
[17-Jun-2025 13:48:01 Asia/Kolkata] PHP Warning:  session_set_cookie_params(): Session cookie parameters cannot be changed when a session is active in D:\Apps\XAMPP\htdocs\varuna\src\core\session.php on line 11
[17-Jun-2025 13:48:01 Asia/Kolkata] PHP Warning:  session_name(): Session name cannot be changed when a session is active in D:\Apps\XAMPP\htdocs\varuna\src\core\session.php on line 12
[17-Jun-2025 13:48:05 Asia/Kolkata] PHP Warning:  session_set_cookie_params(): Session cookie parameters cannot be changed when a session is active in D:\Apps\XAMPP\htdocs\varuna\src\core\session.php on line 11
[17-Jun-2025 13:48:05 Asia/Kolkata] PHP Warning:  session_name(): Session name cannot be changed when a session is active in D:\Apps\XAMPP\htdocs\varuna\src\core\session.php on line 12
[17-Jun-2025 13:48:05 Asia/Kolkata] PHP Warning:  session_set_cookie_params(): Session cookie parameters cannot be changed when a session is active in D:\Apps\XAMPP\htdocs\varuna\src\core\session.php on line 11
[17-Jun-2025 13:48:05 Asia/Kolkata] PHP Warning:  session_name(): Session name cannot be changed when a session is active in D:\Apps\XAMPP\htdocs\varuna\src\core\session.php on line 12
[17-Jun-2025 13:48:07 Asia/Kolkata] PHP Warning:  session_set_cookie_params(): Session cookie parameters cannot be changed when a session is active in D:\Apps\XAMPP\htdocs\varuna\src\core\session.php on line 11
[17-Jun-2025 13:48:07 Asia/Kolkata] PHP Warning:  session_name(): Session name cannot be changed when a session is active in D:\Apps\XAMPP\htdocs\varuna\src\core\session.php on line 12
[17-Jun-2025 13:48:07 Asia/Kolkata] PHP Warning:  session_set_cookie_params(): Session cookie parameters cannot be changed when a session is active in D:\Apps\XAMPP\htdocs\varuna\src\core\session.php on line 11
[17-Jun-2025 13:48:07 Asia/Kolkata] PHP Warning:  session_name(): Session name cannot be changed when a session is active in D:\Apps\XAMPP\htdocs\varuna\src\core\session.php on line 12
[17-Jun-2025 13:48:07 Asia/Kolkata] PHP Warning:  session_set_cookie_params(): Session cookie parameters cannot be changed when a session is active in D:\Apps\XAMPP\htdocs\varuna\src\core\session.php on line 11
[17-Jun-2025 13:48:07 Asia/Kolkata] PHP Warning:  session_name(): Session name cannot be changed when a session is active in D:\Apps\XAMPP\htdocs\varuna\src\core\session.php on line 12
[17-Jun-2025 13:48:09 Asia/Kolkata] PHP Warning:  session_set_cookie_params(): Session cookie parameters cannot be changed when a session is active in D:\Apps\XAMPP\htdocs\varuna\src\core\session.php on line 11
[17-Jun-2025 13:48:09 Asia/Kolkata] PHP Warning:  session_name(): Session name cannot be changed when a session is active in D:\Apps\XAMPP\htdocs\varuna\src\core\session.php on line 12
[17-Jun-2025 13:48:11 Asia/Kolkata] PHP Warning:  session_set_cookie_params(): Session cookie parameters cannot be changed when a session is active in D:\Apps\XAMPP\htdocs\varuna\src\core\session.php on line 11
[17-Jun-2025 13:48:11 Asia/Kolkata] PHP Warning:  session_name(): Session name cannot be changed when a session is active in D:\Apps\XAMPP\htdocs\varuna\src\core\session.php on line 12
[17-Jun-2025 13:48:11 Asia/Kolkata] PHP Warning:  session_set_cookie_params(): Session cookie parameters cannot be changed when a session is active in D:\Apps\XAMPP\htdocs\varuna\src\core\session.php on line 11
[17-Jun-2025 13:48:11 Asia/Kolkata] PHP Warning:  session_name(): Session name cannot be changed when a session is active in D:\Apps\XAMPP\htdocs\varuna\src\core\session.php on line 12
[17-Jun-2025 13:48:11 Asia/Kolkata] PHP Warning:  session_set_cookie_params(): Session cookie parameters cannot be changed when a session is active in D:\Apps\XAMPP\htdocs\varuna\src\core\session.php on line 11
[17-Jun-2025 13:48:11 Asia/Kolkata] PHP Warning:  session_name(): Session name cannot be changed when a session is active in D:\Apps\XAMPP\htdocs\varuna\src\core\session.php on line 12
[17-Jun-2025 13:48:27 Asia/Kolkata] PHP Warning:  session_set_cookie_params(): Session cookie parameters cannot be changed when a session is active in D:\Apps\XAMPP\htdocs\varuna\src\core\session.php on line 11
[17-Jun-2025 13:48:27 Asia/Kolkata] PHP Warning:  session_name(): Session name cannot be changed when a session is active in D:\Apps\XAMPP\htdocs\varuna\src\core\session.php on line 12
[17-Jun-2025 13:48:27 Asia/Kolkata] PHP Warning:  session_set_cookie_params(): Session cookie parameters cannot be changed when a session is active in D:\Apps\XAMPP\htdocs\varuna\src\core\session.php on line 11
[17-Jun-2025 13:48:27 Asia/Kolkata] PHP Warning:  session_name(): Session name cannot be changed when a session is active in D:\Apps\XAMPP\htdocs\varuna\src\core\session.php on line 12
[17-Jun-2025 13:48:34 Asia/Kolkata] PHP Warning:  session_set_cookie_params(): Session cookie parameters cannot be changed when a session is active in D:\Apps\XAMPP\htdocs\varuna\src\core\session.php on line 11
[17-Jun-2025 13:48:34 Asia/Kolkata] PHP Warning:  session_name(): Session name cannot be changed when a session is active in D:\Apps\XAMPP\htdocs\varuna\src\core\session.php on line 12
[17-Jun-2025 13:48:34 Asia/Kolkata] PHP Warning:  session_set_cookie_params(): Session cookie parameters cannot be changed when a session is active in D:\Apps\XAMPP\htdocs\varuna\src\core\session.php on line 11
[17-Jun-2025 13:48:34 Asia/Kolkata] PHP Warning:  session_name(): Session name cannot be changed when a session is active in D:\Apps\XAMPP\htdocs\varuna\src\core\session.php on line 12
[17-Jun-2025 13:48:35 Asia/Kolkata] PHP Warning:  session_set_cookie_params(): Session cookie parameters cannot be changed when a session is active in D:\Apps\XAMPP\htdocs\varuna\src\core\session.php on line 11
[17-Jun-2025 13:48:35 Asia/Kolkata] PHP Warning:  session_name(): Session name cannot be changed when a session is active in D:\Apps\XAMPP\htdocs\varuna\src\core\session.php on line 12
[17-Jun-2025 13:48:43 Asia/Kolkata] PHP Warning:  session_set_cookie_params(): Session cookie parameters cannot be changed when a session is active in D:\Apps\XAMPP\htdocs\varuna\src\core\session.php on line 11
[17-Jun-2025 13:48:43 Asia/Kolkata] PHP Warning:  session_name(): Session name cannot be changed when a session is active in D:\Apps\XAMPP\htdocs\varuna\src\core\session.php on line 12
[17-Jun-2025 13:48:44 Asia/Kolkata] PHP Warning:  session_set_cookie_params(): Session cookie parameters cannot be changed when a session is active in D:\Apps\XAMPP\htdocs\varuna\src\core\session.php on line 11
[17-Jun-2025 13:48:44 Asia/Kolkata] PHP Warning:  session_name(): Session name cannot be changed when a session is active in D:\Apps\XAMPP\htdocs\varuna\src\core\session.php on line 12
[17-Jun-2025 13:48:44 Asia/Kolkata] PHP Warning:  session_set_cookie_params(): Session cookie parameters cannot be changed when a session is active in D:\Apps\XAMPP\htdocs\varuna\src\core\session.php on line 11
[17-Jun-2025 13:48:44 Asia/Kolkata] PHP Warning:  session_name(): Session name cannot be changed when a session is active in D:\Apps\XAMPP\htdocs\varuna\src\core\session.php on line 12
[17-Jun-2025 13:48:45 Asia/Kolkata] PHP Warning:  session_set_cookie_params(): Session cookie parameters cannot be changed when a session is active in D:\Apps\XAMPP\htdocs\varuna\src\core\session.php on line 11
[17-Jun-2025 13:48:45 Asia/Kolkata] PHP Warning:  session_name(): Session name cannot be changed when a session is active in D:\Apps\XAMPP\htdocs\varuna\src\core\session.php on line 12
[17-Jun-2025 13:48:45 Asia/Kolkata] PHP Warning:  session_set_cookie_params(): Session cookie parameters cannot be changed when a session is active in D:\Apps\XAMPP\htdocs\varuna\src\core\session.php on line 11
[17-Jun-2025 13:48:45 Asia/Kolkata] PHP Warning:  session_name(): Session name cannot be changed when a session is active in D:\Apps\XAMPP\htdocs\varuna\src\core\session.php on line 12
[17-Jun-2025 13:48:48 Asia/Kolkata] PHP Warning:  session_set_cookie_params(): Session cookie parameters cannot be changed when a session is active in D:\Apps\XAMPP\htdocs\varuna\src\core\session.php on line 11
[17-Jun-2025 13:48:48 Asia/Kolkata] PHP Warning:  session_name(): Session name cannot be changed when a session is active in D:\Apps\XAMPP\htdocs\varuna\src\core\session.php on line 12
[17-Jun-2025 13:48:48 Asia/Kolkata] PHP Warning:  session_set_cookie_params(): Session cookie parameters cannot be changed when a session is active in D:\Apps\XAMPP\htdocs\varuna\src\core\session.php on line 11
[17-Jun-2025 13:48:48 Asia/Kolkata] PHP Warning:  session_name(): Session name cannot be changed when a session is active in D:\Apps\XAMPP\htdocs\varuna\src\core\session.php on line 12
[17-Jun-2025 13:49:22 Asia/Kolkata] PHP Warning:  session_set_cookie_params(): Session cookie parameters cannot be changed when a session is active in D:\Apps\XAMPP\htdocs\varuna\src\core\session.php on line 11
[17-Jun-2025 13:49:22 Asia/Kolkata] PHP Warning:  session_name(): Session name cannot be changed when a session is active in D:\Apps\XAMPP\htdocs\varuna\src\core\session.php on line 12
[17-Jun-2025 13:49:22 Asia/Kolkata] PHP Warning:  session_set_cookie_params(): Session cookie parameters cannot be changed when a session is active in D:\Apps\XAMPP\htdocs\varuna\src\core\session.php on line 11
[17-Jun-2025 13:49:22 Asia/Kolkata] PHP Warning:  session_name(): Session name cannot be changed when a session is active in D:\Apps\XAMPP\htdocs\varuna\src\core\session.php on line 12
[17-Jun-2025 14:39:59 Asia/Kolkata] PHP Warning:  session_set_cookie_params(): Session cookie parameters cannot be changed when a session is active in D:\Apps\XAMPP\htdocs\varuna\src\core\session.php on line 11
[17-Jun-2025 14:39:59 Asia/Kolkata] PHP Warning:  session_name(): Session name cannot be changed when a session is active in D:\Apps\XAMPP\htdocs\varuna\src\core\session.php on line 12
[17-Jun-2025 14:39:59 Asia/Kolkata] PHP Warning:  session_set_cookie_params(): Session cookie parameters cannot be changed when a session is active in D:\Apps\XAMPP\htdocs\varuna\src\core\session.php on line 11
[17-Jun-2025 14:39:59 Asia/Kolkata] PHP Warning:  session_name(): Session name cannot be changed when a session is active in D:\Apps\XAMPP\htdocs\varuna\src\core\session.php on line 12
[17-Jun-2025 14:40:02 Asia/Kolkata] PHP Warning:  session_set_cookie_params(): Session cookie parameters cannot be changed when a session is active in D:\Apps\XAMPP\htdocs\varuna\src\core\session.php on line 11
[17-Jun-2025 14:40:02 Asia/Kolkata] PHP Warning:  session_name(): Session name cannot be changed when a session is active in D:\Apps\XAMPP\htdocs\varuna\src\core\session.php on line 12
[17-Jun-2025 14:40:02 Asia/Kolkata] PHP Warning:  session_set_cookie_params(): Session cookie parameters cannot be changed when a session is active in D:\Apps\XAMPP\htdocs\varuna\src\core\session.php on line 11
[17-Jun-2025 14:40:02 Asia/Kolkata] PHP Warning:  session_name(): Session name cannot be changed when a session is active in D:\Apps\XAMPP\htdocs\varuna\src\core\session.php on line 12
[17-Jun-2025 14:40:04 Asia/Kolkata] PHP Warning:  session_set_cookie_params(): Session cookie parameters cannot be changed when a session is active in D:\Apps\XAMPP\htdocs\varuna\src\core\session.php on line 11
[17-Jun-2025 14:40:04 Asia/Kolkata] PHP Warning:  session_name(): Session name cannot be changed when a session is active in D:\Apps\XAMPP\htdocs\varuna\src\core\session.php on line 12
[17-Jun-2025 14:40:04 Asia/Kolkata] PHP Warning:  session_set_cookie_params(): Session cookie parameters cannot be changed when a session is active in D:\Apps\XAMPP\htdocs\varuna\src\core\session.php on line 11
[17-Jun-2025 14:40:04 Asia/Kolkata] PHP Warning:  session_name(): Session name cannot be changed when a session is active in D:\Apps\XAMPP\htdocs\varuna\src\core\session.php on line 12
[17-Jun-2025 14:40:37 Asia/Kolkata] PHP Warning:  session_set_cookie_params(): Session cookie parameters cannot be changed when a session is active in D:\Apps\XAMPP\htdocs\varuna\src\core\session.php on line 11
[17-Jun-2025 14:40:37 Asia/Kolkata] PHP Warning:  session_name(): Session name cannot be changed when a session is active in D:\Apps\XAMPP\htdocs\varuna\src\core\session.php on line 12
[17-Jun-2025 14:40:37 Asia/Kolkata] PHP Warning:  session_set_cookie_params(): Session cookie parameters cannot be changed when a session is active in D:\Apps\XAMPP\htdocs\varuna\src\core\session.php on line 11
[17-Jun-2025 14:40:37 Asia/Kolkata] PHP Warning:  session_name(): Session name cannot be changed when a session is active in D:\Apps\XAMPP\htdocs\varuna\src\core\session.php on line 12
[17-Jun-2025 14:40:38 Asia/Kolkata] PHP Warning:  session_set_cookie_params(): Session cookie parameters cannot be changed when a session is active in D:\Apps\XAMPP\htdocs\varuna\src\core\session.php on line 11
[17-Jun-2025 14:40:38 Asia/Kolkata] PHP Warning:  session_name(): Session name cannot be changed when a session is active in D:\Apps\XAMPP\htdocs\varuna\src\core\session.php on line 12
[17-Jun-2025 14:40:46 Asia/Kolkata] PHP Warning:  session_set_cookie_params(): Session cookie parameters cannot be changed when a session is active in D:\Apps\XAMPP\htdocs\varuna\src\core\session.php on line 11
[17-Jun-2025 14:40:46 Asia/Kolkata] PHP Warning:  session_name(): Session name cannot be changed when a session is active in D:\Apps\XAMPP\htdocs\varuna\src\core\session.php on line 12
[17-Jun-2025 14:40:46 Asia/Kolkata] PHP Warning:  session_set_cookie_params(): Session cookie parameters cannot be changed when a session is active in D:\Apps\XAMPP\htdocs\varuna\src\core\session.php on line 11
[17-Jun-2025 14:40:46 Asia/Kolkata] PHP Warning:  session_name(): Session name cannot be changed when a session is active in D:\Apps\XAMPP\htdocs\varuna\src\core\session.php on line 12
[17-Jun-2025 14:40:47 Asia/Kolkata] PHP Warning:  session_set_cookie_params(): Session cookie parameters cannot be changed when a session is active in D:\Apps\XAMPP\htdocs\varuna\src\core\session.php on line 11
[17-Jun-2025 14:40:47 Asia/Kolkata] PHP Warning:  session_name(): Session name cannot be changed when a session is active in D:\Apps\XAMPP\htdocs\varuna\src\core\session.php on line 12
[17-Jun-2025 14:40:49 Asia/Kolkata] PHP Warning:  session_set_cookie_params(): Session cookie parameters cannot be changed when a session is active in D:\Apps\XAMPP\htdocs\varuna\src\core\session.php on line 11
[17-Jun-2025 14:40:49 Asia/Kolkata] PHP Warning:  session_name(): Session name cannot be changed when a session is active in D:\Apps\XAMPP\htdocs\varuna\src\core\session.php on line 12
[17-Jun-2025 14:40:49 Asia/Kolkata] PHP Warning:  session_set_cookie_params(): Session cookie parameters cannot be changed when a session is active in D:\Apps\XAMPP\htdocs\varuna\src\core\session.php on line 11
[17-Jun-2025 14:40:49 Asia/Kolkata] PHP Warning:  session_name(): Session name cannot be changed when a session is active in D:\Apps\XAMPP\htdocs\varuna\src\core\session.php on line 12
[17-Jun-2025 14:40:49 Asia/Kolkata] PHP Warning:  session_set_cookie_params(): Session cookie parameters cannot be changed when a session is active in D:\Apps\XAMPP\htdocs\varuna\src\core\session.php on line 11
[17-Jun-2025 14:40:49 Asia/Kolkata] PHP Warning:  session_name(): Session name cannot be changed when a session is active in D:\Apps\XAMPP\htdocs\varuna\src\core\session.php on line 12
[17-Jun-2025 14:40:52 Asia/Kolkata] PHP Warning:  session_set_cookie_params(): Session cookie parameters cannot be changed when a session is active in D:\Apps\XAMPP\htdocs\varuna\src\core\session.php on line 11
[17-Jun-2025 14:40:52 Asia/Kolkata] PHP Warning:  session_name(): Session name cannot be changed when a session is active in D:\Apps\XAMPP\htdocs\varuna\src\core\session.php on line 12
[17-Jun-2025 14:40:52 Asia/Kolkata] PHP Fatal error:  Uncaught PDOException: SQLSTATE[42S22]: Column not found: 1054 Unknown column 'r.remark_by_user_id' in 'SELECT' in D:\Apps\XAMPP\htdocs\varuna\public\id_card.php:36
Stack trace:
#0 D:\Apps\XAMPP\htdocs\varuna\public\id_card.php(36): PDOStatement->execute(Array)
#1 {main}
  thrown in D:\Apps\XAMPP\htdocs\varuna\public\id_card.php on line 36
[17-Jun-2025 14:41:05 Asia/Kolkata] PHP Warning:  session_set_cookie_params(): Session cookie parameters cannot be changed when a session is active in D:\Apps\XAMPP\htdocs\varuna\src\core\session.php on line 11
[17-Jun-2025 14:41:05 Asia/Kolkata] PHP Warning:  session_name(): Session name cannot be changed when a session is active in D:\Apps\XAMPP\htdocs\varuna\src\core\session.php on line 12
[17-Jun-2025 14:41:05 Asia/Kolkata] PHP Fatal error:  Uncaught PDOException: SQLSTATE[42S22]: Column not found: 1054 Unknown column 'r.remark_by_user_id' in 'SELECT' in D:\Apps\XAMPP\htdocs\varuna\public\id_card.php:36
Stack trace:
#0 D:\Apps\XAMPP\htdocs\varuna\public\id_card.php(36): PDOStatement->execute(Array)
#1 {main}
  thrown in D:\Apps\XAMPP\htdocs\varuna\public\id_card.php on line 36
[17-Jun-2025 14:42:51 Asia/Kolkata] PHP Warning:  session_set_cookie_params(): Session cookie parameters cannot be changed when a session is active in D:\Apps\XAMPP\htdocs\varuna\src\core\session.php on line 11
[17-Jun-2025 14:42:51 Asia/Kolkata] PHP Warning:  session_name(): Session name cannot be changed when a session is active in D:\Apps\XAMPP\htdocs\varuna\src\core\session.php on line 12
[17-Jun-2025 14:42:52 Asia/Kolkata] PHP Warning:  session_set_cookie_params(): Session cookie parameters cannot be changed when a session is active in D:\Apps\XAMPP\htdocs\varuna\src\core\session.php on line 11
[17-Jun-2025 14:42:52 Asia/Kolkata] PHP Warning:  session_name(): Session name cannot be changed when a session is active in D:\Apps\XAMPP\htdocs\varuna\src\core\session.php on line 12
[17-Jun-2025 14:42:52 Asia/Kolkata] PHP Warning:  session_set_cookie_params(): Session cookie parameters cannot be changed when a session is active in D:\Apps\XAMPP\htdocs\varuna\src\core\session.php on line 11
[17-Jun-2025 14:42:52 Asia/Kolkata] PHP Warning:  session_name(): Session name cannot be changed when a session is active in D:\Apps\XAMPP\htdocs\varuna\src\core\session.php on line 12
[17-Jun-2025 14:42:52 Asia/Kolkata] PHP Warning:  session_set_cookie_params(): Session cookie parameters cannot be changed when a session is active in D:\Apps\XAMPP\htdocs\varuna\src\core\session.php on line 11
[17-Jun-2025 14:42:52 Asia/Kolkata] PHP Warning:  session_name(): Session name cannot be changed when a session is active in D:\Apps\XAMPP\htdocs\varuna\src\core\session.php on line 12
[17-Jun-2025 14:42:53 Asia/Kolkata] PHP Warning:  session_set_cookie_params(): Session cookie parameters cannot be changed when a session is active in D:\Apps\XAMPP\htdocs\varuna\src\core\session.php on line 11
[17-Jun-2025 14:42:53 Asia/Kolkata] PHP Warning:  session_name(): Session name cannot be changed when a session is active in D:\Apps\XAMPP\htdocs\varuna\src\core\session.php on line 12
[17-Jun-2025 14:42:53 Asia/Kolkata] PHP Warning:  session_set_cookie_params(): Session cookie parameters cannot be changed when a session is active in D:\Apps\XAMPP\htdocs\varuna\src\core\session.php on line 11
[17-Jun-2025 14:42:53 Asia/Kolkata] PHP Warning:  session_name(): Session name cannot be changed when a session is active in D:\Apps\XAMPP\htdocs\varuna\src\core\session.php on line 12
[17-Jun-2025 14:43:00 Asia/Kolkata] PHP Warning:  session_set_cookie_params(): Session cookie parameters cannot be changed when a session is active in D:\Apps\XAMPP\htdocs\varuna\src\core\session.php on line 11
[17-Jun-2025 14:43:00 Asia/Kolkata] PHP Warning:  session_name(): Session name cannot be changed when a session is active in D:\Apps\XAMPP\htdocs\varuna\src\core\session.php on line 12
[17-Jun-2025 14:43:00 Asia/Kolkata] PHP Fatal error:  Uncaught PDOException: SQLSTATE[42S22]: Column not found: 1054 Unknown column 'r.remark_by_user_id' in 'SELECT' in D:\Apps\XAMPP\htdocs\varuna\public\id_card.php:36
Stack trace:
#0 D:\Apps\XAMPP\htdocs\varuna\public\id_card.php(36): PDOStatement->execute(Array)
#1 {main}
  thrown in D:\Apps\XAMPP\htdocs\varuna\public\id_card.php on line 36
[17-Jun-2025 14:43:05 Asia/Kolkata] PHP Warning:  session_set_cookie_params(): Session cookie parameters cannot be changed when a session is active in D:\Apps\XAMPP\htdocs\varuna\src\core\session.php on line 11
[17-Jun-2025 14:43:05 Asia/Kolkata] PHP Warning:  session_name(): Session name cannot be changed when a session is active in D:\Apps\XAMPP\htdocs\varuna\src\core\session.php on line 12
[17-Jun-2025 14:43:05 Asia/Kolkata] PHP Warning:  session_set_cookie_params(): Session cookie parameters cannot be changed when a session is active in D:\Apps\XAMPP\htdocs\varuna\src\core\session.php on line 11
[17-Jun-2025 14:43:05 Asia/Kolkata] PHP Warning:  session_name(): Session name cannot be changed when a session is active in D:\Apps\XAMPP\htdocs\varuna\src\core\session.php on line 12
[17-Jun-2025 14:43:05 Asia/Kolkata] PHP Warning:  session_set_cookie_params(): Session cookie parameters cannot be changed when a session is active in D:\Apps\XAMPP\htdocs\varuna\src\core\session.php on line 11
[17-Jun-2025 14:43:05 Asia/Kolkata] PHP Warning:  session_name(): Session name cannot be changed when a session is active in D:\Apps\XAMPP\htdocs\varuna\src\core\session.php on line 12
[17-Jun-2025 14:43:08 Asia/Kolkata] PHP Warning:  session_set_cookie_params(): Session cookie parameters cannot be changed when a session is active in D:\Apps\XAMPP\htdocs\varuna\src\core\session.php on line 11
[17-Jun-2025 14:43:08 Asia/Kolkata] PHP Warning:  session_name(): Session name cannot be changed when a session is active in D:\Apps\XAMPP\htdocs\varuna\src\core\session.php on line 12
[17-Jun-2025 14:43:08 Asia/Kolkata] PHP Fatal error:  Uncaught PDOException: SQLSTATE[42S22]: Column not found: 1054 Unknown column 'r.remark_by_user_id' in 'SELECT' in D:\Apps\XAMPP\htdocs\varuna\public\id_card.php:36
Stack trace:
#0 D:\Apps\XAMPP\htdocs\varuna\public\id_card.php(36): PDOStatement->execute(Array)
#1 {main}
  thrown in D:\Apps\XAMPP\htdocs\varuna\public\id_card.php on line 36
[17-Jun-2025 14:50:34 Asia/Kolkata] PHP Fatal error:  Uncaught Error: Class "chillerlan\QRCode\QROptions" not found in D:\Apps\XAMPP\htdocs\varuna\public\id_card.php:70
Stack trace:
#0 {main}
  thrown in D:\Apps\XAMPP\htdocs\varuna\public\id_card.php on line 70
[17-Jun-2025 14:50:43 Asia/Kolkata] PHP Fatal error:  Uncaught Error: Class "chillerlan\QRCode\QROptions" not found in D:\Apps\XAMPP\htdocs\varuna\public\id_card.php:70
Stack trace:
#0 {main}
  thrown in D:\Apps\XAMPP\htdocs\varuna\public\id_card.php on line 70
--------------------------------------------------------------------------------
[17-Jun-2025 14:51:44 Asia/Kolkata] PHP Fatal error:  Uncaught Error: Class "chillerlan\QRCode\QROptions" not found in D:\Apps\XAMPP\htdocs\varuna\public\id_card.php:70
Stack trace:
#0 {main}
  thrown in D:\Apps\XAMPP\htdocs\varuna\public\id_card.php on line 70
[17-Jun-2025 15:43:25 Asia/Kolkata] PHP Fatal error:  Uncaught Error: Call to undefined method Endroid\QrCode\QrCode::setEncoding() in D:\Apps\XAMPP\htdocs\varuna\public\id_card.php:73
Stack trace:
#0 {main}
  thrown in D:\Apps\XAMPP\htdocs\varuna\public\id_card.php on line 73
[17-Jun-2025 16:24:30 Asia/Kolkata] QR Code Generation Failed with Builder: The SVG writer does not support logo punchout background
[17-Jun-2025 16:25:39 Asia/Kolkata] QR Code Generation Failed with Builder: SVG Logos require an explicitly set resize width and height
[17-Jun-2025 16:29:46 Asia/Kolkata] QR Code Generation Failed with Builder: SVG Logos require an explicitly set resize width and height
[17-Jun-2025 16:46:36 Asia/Kolkata] PHP Fatal error:  Uncaught Error: Class "chillerlan\QRCode\QROutput\QROutputInterface" not found in D:\Apps\XAMPP\htdocs\varuna\public\api\g.php:47
Stack trace:
#0 {main}
  thrown in D:\Apps\XAMPP\htdocs\varuna\public\api\g.php on line 47
[17-Jun-2025 17:23:10 Asia/Kolkata] ID Card Data Fetch Error for staff_id ZY55R60: SQLSTATE[42S22]: Column not found: 1054 Unknown column 'c.section' in 'SELECT'
[17-Jun-2025 17:23:18 Asia/Kolkata] ID Card Data Fetch Error for staff_id ZY55R60: SQLSTATE[42S22]: Column not found: 1054 Unknown column 'c.section' in 'SELECT'
[17-Jun-2025 17:26:09 Asia/Kolkata] ID Card Data Fetch Error for staff_id ZY55R60: SQLSTATE[42S22]: Column not found: 1054 Unknown column 'c.section' in 'SELECT'
[17-Jun-2025 17:26:14 Asia/Kolkata] ID Card Data Fetch Error for staff_id ZY55R60: SQLSTATE[42S22]: Column not found: 1054 Unknown column 'c.section' in 'SELECT'
[17-Jun-2025 17:41:17 Asia/Kolkata] PHP Warning:  Undefined array key "station_code" in D:\Apps\XAMPP\htdocs\varuna\public\id_card.php on line 122
[17-Jun-2025 17:41:17 Asia/Kolkata] PHP Deprecated:  htmlspecialchars(): Passing null to parameter #1 ($string) of type string is deprecated in D:\Apps\XAMPP\htdocs\varuna\public\id_card.php on line 122
[17-Jun-2025 17:42:25 Asia/Kolkata] PHP Warning:  Undefined array key "station_code" in D:\Apps\XAMPP\htdocs\varuna\public\id_card.php on line 124
[17-Jun-2025 17:42:25 Asia/Kolkata] PHP Deprecated:  htmlspecialchars(): Passing null to parameter #1 ($string) of type string is deprecated in D:\Apps\XAMPP\htdocs\varuna\public\id_card.php on line 124
[17-Jun-2025 17:47:05 Asia/Kolkata] PHP Warning:  Undefined variable $generateQR in D:\Apps\XAMPP\htdocs\varuna\public\id_card.php on line 315
[17-Jun-2025 17:47:05 Asia/Kolkata] PHP Fatal error:  Uncaught Error: Value of type null is not callable in D:\Apps\XAMPP\htdocs\varuna\public\id_card.php:315
Stack trace:
#0 {main}
  thrown in D:\Apps\XAMPP\htdocs\varuna\public\id_card.php on line 315
[17-Jun-2025 17:49:30 Asia/Kolkata] PHP Warning:  Undefined variable $generateQR in D:\Apps\XAMPP\htdocs\varuna\public\id_card.php on line 315
[17-Jun-2025 17:49:30 Asia/Kolkata] PHP Fatal error:  Uncaught Error: Value of type null is not callable in D:\Apps\XAMPP\htdocs\varuna\public\id_card.php:315
Stack trace:
#0 {main}
  thrown in D:\Apps\XAMPP\htdocs\varuna\public\id_card.php on line 315
[17-Jun-2025 17:49:41 Asia/Kolkata] PHP Warning:  Undefined variable $generateQR in D:\Apps\XAMPP\htdocs\varuna\public\id_card.php on line 315
[17-Jun-2025 17:49:41 Asia/Kolkata] PHP Fatal error:  Uncaught Error: Value of type null is not callable in D:\Apps\XAMPP\htdocs\varuna\public\id_card.php:315
Stack trace:
#0 {main}
  thrown in D:\Apps\XAMPP\htdocs\varuna\public\id_card.php on line 315
[17-Jun-2025 17:49:50 Asia/Kolkata] PHP Warning:  Undefined variable $generateQR in D:\Apps\XAMPP\htdocs\varuna\public\id_card.php on line 315
[17-Jun-2025 17:49:50 Asia/Kolkata] PHP Fatal error:  Uncaught Error: Value of type null is not callable in D:\Apps\XAMPP\htdocs\varuna\public\id_card.php:315
Stack trace:
#0 {main}
  thrown in D:\Apps\XAMPP\htdocs\varuna\public\id_card.php on line 315
[17-Jun-2025 17:50:19 Asia/Kolkata] PHP Warning:  Undefined variable $generateQR in D:\Apps\XAMPP\htdocs\varuna\public\id_card.php on line 315
[17-Jun-2025 17:50:19 Asia/Kolkata] PHP Fatal error:  Uncaught Error: Value of type null is not callable in D:\Apps\XAMPP\htdocs\varuna\public\id_card.php:315
Stack trace:
#0 {main}
  thrown in D:\Apps\XAMPP\htdocs\varuna\public\id_card.php on line 315
[17-Jun-2025 17:50:50 Asia/Kolkata] PHP Fatal error:  Uncaught chillerlan\QRCode\QRCodeException: invalid svg logo in D:\Apps\XAMPP\htdocs\varuna\public\id_card.php:144
Stack trace:
#0 D:\Apps\XAMPP\htdocs\varuna\vendor\chillerlan\php-settings-container\src\SettingsContainerAbstract.php(82): SVGWithLogoAndCustomShapesOptions->set_svgLogo('D:\\Apps\\XAMPP\\h...')
#1 D:\Apps\XAMPP\htdocs\varuna\public\id_card.php(173): chillerlan\Settings\SettingsContainerAbstract->__set('svgLogo', 'D:\\Apps\\XAMPP\\h...')
#2 D:\Apps\XAMPP\htdocs\varuna\public\id_card.php(315): generateQR('ZY55R60')
#3 {main}
  thrown in D:\Apps\XAMPP\htdocs\varuna\public\id_card.php on line 144
[17-Jun-2025 17:50:56 Asia/Kolkata] PHP Fatal error:  Uncaught chillerlan\QRCode\QRCodeException: invalid svg logo in D:\Apps\XAMPP\htdocs\varuna\public\id_card.php:144
Stack trace:
#0 D:\Apps\XAMPP\htdocs\varuna\vendor\chillerlan\php-settings-container\src\SettingsContainerAbstract.php(82): SVGWithLogoAndCustomShapesOptions->set_svgLogo('D:\\Apps\\XAMPP\\h...')
#1 D:\Apps\XAMPP\htdocs\varuna\public\id_card.php(173): chillerlan\Settings\SettingsContainerAbstract->__set('svgLogo', 'D:\\Apps\\XAMPP\\h...')
#2 D:\Apps\XAMPP\htdocs\varuna\public\id_card.php(315): generateQR('ZY55R60')
#3 {main}
  thrown in D:\Apps\XAMPP\htdocs\varuna\public\id_card.php on line 144
[18-Jun-2025 14:40:31 Asia/Kolkata] PHP Warning:  Uncaught PDOException: SQLSTATE[HY000]: General error: 1927 Authentication to 'servertcp' failed: 1226, #42000: User 'u473452443_narayan' has exceeded the 'max_connections_per_hour' resource (current value: 500) (servertcp, session=7731412, conn_id=145438619, idle=0s) in D:\Apps\XAMPP\htdocs\varuna\config.php:30
Stack trace:
#0 D:\Apps\XAMPP\htdocs\varuna\config.php(30): PDO->exec('SET time_zone =...')
#1 D:\Apps\XAMPP\htdocs\varuna\src\init.php(27): require_once('D:\\Apps\\XAMPP\\h...')
#2 D:\Apps\XAMPP\htdocs\varuna\public\id_card_preview.php(3): require_once('D:\\Apps\\XAMPP\\h...')
#3 {main}
  thrown in D:\Apps\XAMPP\htdocs\varuna\config.php on line 30
[18-Jun-2025 14:40:31 Asia/Kolkata] PHP Fatal error:  Maximum execution time of 120 seconds exceeded in D:\Apps\XAMPP\htdocs\varuna\config.php on line 33
[18-Jun-2025 14:40:31 Asia/Kolkata] PHP Fatal error:  Maximum execution time of 120 seconds exceeded in D:\Apps\XAMPP\htdocs\varuna\src\core\session.php on line 21
[18-Jun-2025 14:40:31 Asia/Kolkata] PHP Fatal error:  Maximum execution time of 120 seconds exceeded in D:\Apps\XAMPP\htdocs\varuna\src\core\session.php on line 21
[18-Jun-2025 14:40:31 Asia/Kolkata] PHP Fatal error:  Maximum execution time of 120 seconds exceeded in D:\Apps\XAMPP\htdocs\varuna\src\core\session.php on line 21
[18-Jun-2025 14:40:31 Asia/Kolkata] PHP Fatal error:  Maximum execution time of 120 seconds exceeded in D:\Apps\XAMPP\htdocs\varuna\src\core\session.php on line 21
[18-Jun-2025 14:40:31 Asia/Kolkata] PHP Fatal error:  Maximum execution time of 120 seconds exceeded in D:\Apps\XAMPP\htdocs\varuna\src\core\session.php on line 21
[18-Jun-2025 14:40:31 Asia/Kolkata] PHP Fatal error:  Maximum execution time of 120 seconds exceeded in D:\Apps\XAMPP\htdocs\varuna\src\core\session.php on line 21
[18-Jun-2025 14:40:31 Asia/Kolkata] PHP Fatal error:  Maximum execution time of 120 seconds exceeded in D:\Apps\XAMPP\htdocs\varuna\src\core\session.php on line 21
[18-Jun-2025 14:40:31 Asia/Kolkata] PHP Fatal error:  Maximum execution time of 120 seconds exceeded in D:\Apps\XAMPP\htdocs\varuna\src\core\session.php on line 21
[18-Jun-2025 14:40:31 Asia/Kolkata] PHP Fatal error:  Maximum execution time of 120 seconds exceeded in D:\Apps\XAMPP\htdocs\varuna\src\core\session.php on line 21
[18-Jun-2025 14:40:31 Asia/Kolkata] PHP Fatal error:  Maximum execution time of 120 seconds exceeded in D:\Apps\XAMPP\htdocs\varuna\src\core\session.php on line 21
[18-Jun-2025 14:40:31 Asia/Kolkata] PHP Fatal error:  Maximum execution time of 120 seconds exceeded in D:\Apps\XAMPP\htdocs\varuna\src\core\session.php on line 21
[18-Jun-2025 14:40:31 Asia/Kolkata] PHP Fatal error:  Maximum execution time of 120 seconds exceeded in D:\Apps\XAMPP\htdocs\varuna\src\core\session.php on line 21
[18-Jun-2025 14:40:31 Asia/Kolkata] PHP Fatal error:  Maximum execution time of 120 seconds exceeded in D:\Apps\XAMPP\htdocs\varuna\src\core\session.php on line 21
[18-Jun-2025 14:40:31 Asia/Kolkata] PHP Fatal error:  Maximum execution time of 120 seconds exceeded in D:\Apps\XAMPP\htdocs\varuna\src\core\session.php on line 21
[18-Jun-2025 14:40:31 Asia/Kolkata] PHP Fatal error:  Maximum execution time of 120 seconds exceeded in D:\Apps\XAMPP\htdocs\varuna\src\core\session.php on line 21
[18-Jun-2025 14:40:31 Asia/Kolkata] PHP Fatal error:  Maximum execution time of 120 seconds exceeded in D:\Apps\XAMPP\htdocs\varuna\src\core\session.php on line 21
[18-Jun-2025 14:40:31 Asia/Kolkata] PHP Fatal error:  Maximum execution time of 120 seconds exceeded in D:\Apps\XAMPP\htdocs\varuna\src\core\session.php on line 21
[18-Jun-2025 14:40:31 Asia/Kolkata] PHP Fatal error:  Maximum execution time of 120 seconds exceeded in D:\Apps\XAMPP\htdocs\varuna\src\core\session.php on line 21
[18-Jun-2025 14:40:31 Asia/Kolkata] PHP Fatal error:  Maximum execution time of 120 seconds exceeded in D:\Apps\XAMPP\htdocs\varuna\src\core\session.php on line 21
[18-Jun-2025 14:40:31 Asia/Kolkata] PHP Fatal error:  Maximum execution time of 120 seconds exceeded in D:\Apps\XAMPP\htdocs\varuna\src\core\session.php on line 21
[18-Jun-2025 14:40:31 Asia/Kolkata] PHP Fatal error:  Maximum execution time of 120 seconds exceeded in D:\Apps\XAMPP\htdocs\varuna\src\core\session.php on line 21
[18-Jun-2025 14:40:31 Asia/Kolkata] PHP Fatal error:  Maximum execution time of 120 seconds exceeded in D:\Apps\XAMPP\htdocs\varuna\src\core\session.php on line 21
[18-Jun-2025 14:40:31 Asia/Kolkata] PHP Fatal error:  Maximum execution time of 120 seconds exceeded in D:\Apps\XAMPP\htdocs\varuna\src\core\session.php on line 21
[18-Jun-2025 14:40:31 Asia/Kolkata] PHP Fatal error:  Maximum execution time of 120 seconds exceeded in D:\Apps\XAMPP\htdocs\varuna\src\core\session.php on line 21
[18-Jun-2025 14:40:31 Asia/Kolkata] PHP Fatal error:  Maximum execution time of 120 seconds exceeded in D:\Apps\XAMPP\htdocs\varuna\src\core\session.php on line 21
[18-Jun-2025 14:40:31 Asia/Kolkata] PHP Fatal error:  Maximum execution time of 120 seconds exceeded in D:\Apps\XAMPP\htdocs\varuna\src\core\session.php on line 21
[18-Jun-2025 14:40:31 Asia/Kolkata] PHP Fatal error:  Maximum execution time of 120 seconds exceeded in D:\Apps\XAMPP\htdocs\varuna\src\core\session.php on line 21
[18-Jun-2025 14:40:31 Asia/Kolkata] PHP Fatal error:  Maximum execution time of 120 seconds exceeded in D:\Apps\XAMPP\htdocs\varuna\src\core\session.php on line 21
[18-Jun-2025 14:40:31 Asia/Kolkata] PHP Fatal error:  Maximum execution time of 120 seconds exceeded in D:\Apps\XAMPP\htdocs\varuna\src\core\session.php on line 21
[18-Jun-2025 14:40:31 Asia/Kolkata] PHP Fatal error:  Maximum execution time of 120 seconds exceeded in D:\Apps\XAMPP\htdocs\varuna\src\core\session.php on line 21
[18-Jun-2025 14:40:31 Asia/Kolkata] PHP Fatal error:  Maximum execution time of 120 seconds exceeded in D:\Apps\XAMPP\htdocs\varuna\src\core\session.php on line 21
[18-Jun-2025 14:40:31 Asia/Kolkata] PHP Fatal error:  Maximum execution time of 120 seconds exceeded in D:\Apps\XAMPP\htdocs\varuna\src\core\session.php on line 21
[18-Jun-2025 14:40:31 Asia/Kolkata] PHP Fatal error:  Maximum execution time of 120 seconds exceeded in D:\Apps\XAMPP\htdocs\varuna\src\core\session.php on line 21
[18-Jun-2025 14:40:31 Asia/Kolkata] PHP Fatal error:  Maximum execution time of 120 seconds exceeded in D:\Apps\XAMPP\htdocs\varuna\src\core\session.php on line 21
[18-Jun-2025 14:40:31 Asia/Kolkata] PHP Fatal error:  Maximum execution time of 120 seconds exceeded in D:\Apps\XAMPP\htdocs\varuna\src\core\session.php on line 21
[18-Jun-2025 14:40:31 Asia/Kolkata] PHP Fatal error:  Maximum execution time of 120 seconds exceeded in D:\Apps\XAMPP\htdocs\varuna\src\core\session.php on line 21
[18-Jun-2025 14:40:31 Asia/Kolkata] PHP Fatal error:  Maximum execution time of 120 seconds exceeded in D:\Apps\XAMPP\htdocs\varuna\src\core\session.php on line 21
[18-Jun-2025 14:40:31 Asia/Kolkata] PHP Fatal error:  Maximum execution time of 120 seconds exceeded in D:\Apps\XAMPP\htdocs\varuna\src\core\session.php on line 21
[18-Jun-2025 14:40:31 Asia/Kolkata] PHP Fatal error:  Maximum execution time of 120 seconds exceeded in D:\Apps\XAMPP\htdocs\varuna\src\core\session.php on line 21
[18-Jun-2025 14:40:31 Asia/Kolkata] PHP Fatal error:  Maximum execution time of 120 seconds exceeded in D:\Apps\XAMPP\htdocs\varuna\src\core\session.php on line 21
[18-Jun-2025 14:40:31 Asia/Kolkata] PHP Fatal error:  Maximum execution time of 120 seconds exceeded in D:\Apps\XAMPP\htdocs\varuna\src\core\session.php on line 21
[18-Jun-2025 14:40:31 Asia/Kolkata] PHP Fatal error:  Maximum execution time of 120 seconds exceeded in D:\Apps\XAMPP\htdocs\varuna\src\core\session.php on line 21
[18-Jun-2025 14:40:31 Asia/Kolkata] PHP Fatal error:  Maximum execution time of 120 seconds exceeded in D:\Apps\XAMPP\htdocs\varuna\src\core\session.php on line 21
[18-Jun-2025 14:40:31 Asia/Kolkata] PHP Fatal error:  Maximum execution time of 120 seconds exceeded in D:\Apps\XAMPP\htdocs\varuna\src\core\session.php on line 21
[18-Jun-2025 14:40:31 Asia/Kolkata] PHP Fatal error:  Maximum execution time of 120 seconds exceeded in D:\Apps\XAMPP\htdocs\varuna\src\core\session.php on line 21
[18-Jun-2025 14:40:31 Asia/Kolkata] PHP Fatal error:  Maximum execution time of 120 seconds exceeded in D:\Apps\XAMPP\htdocs\varuna\src\core\session.php on line 21
[18-Jun-2025 14:40:31 Asia/Kolkata] PHP Fatal error:  Maximum execution time of 120 seconds exceeded in D:\Apps\XAMPP\htdocs\varuna\src\core\session.php on line 21
[18-Jun-2025 14:40:31 Asia/Kolkata] PHP Fatal error:  Maximum execution time of 120 seconds exceeded in D:\Apps\XAMPP\htdocs\varuna\src\core\session.php on line 21
[18-Jun-2025 14:40:31 Asia/Kolkata] PHP Fatal error:  Maximum execution time of 120 seconds exceeded in D:\Apps\XAMPP\htdocs\varuna\src\core\session.php on line 21
[18-Jun-2025 14:40:31 Asia/Kolkata] PHP Fatal error:  Maximum execution time of 120 seconds exceeded in D:\Apps\XAMPP\htdocs\varuna\src\core\session.php on line 21
[18-Jun-2025 14:40:31 Asia/Kolkata] PHP Fatal error:  Maximum execution time of 120 seconds exceeded in D:\Apps\XAMPP\htdocs\varuna\src\core\session.php on line 21
[18-Jun-2025 14:40:31 Asia/Kolkata] PHP Fatal error:  Maximum execution time of 120 seconds exceeded in D:\Apps\XAMPP\htdocs\varuna\src\core\session.php on line 21
[18-Jun-2025 14:40:31 Asia/Kolkata] PHP Fatal error:  Maximum execution time of 120 seconds exceeded in D:\Apps\XAMPP\htdocs\varuna\src\core\session.php on line 21
[18-Jun-2025 14:40:31 Asia/Kolkata] PHP Fatal error:  Maximum execution time of 120 seconds exceeded in D:\Apps\XAMPP\htdocs\varuna\src\core\session.php on line 21
[18-Jun-2025 14:40:31 Asia/Kolkata] PHP Fatal error:  Maximum execution time of 120 seconds exceeded in D:\Apps\XAMPP\htdocs\varuna\src\core\session.php on line 21
[18-Jun-2025 14:40:31 Asia/Kolkata] PHP Fatal error:  Maximum execution time of 120 seconds exceeded in D:\Apps\XAMPP\htdocs\varuna\src\core\session.php on line 21
[18-Jun-2025 14:40:31 Asia/Kolkata] PHP Fatal error:  Maximum execution time of 120 seconds exceeded in D:\Apps\XAMPP\htdocs\varuna\src\core\session.php on line 21
[18-Jun-2025 14:40:31 Asia/Kolkata] PHP Fatal error:  Maximum execution time of 120 seconds exceeded in D:\Apps\XAMPP\htdocs\varuna\src\core\session.php on line 21
[18-Jun-2025 14:40:31 Asia/Kolkata] PHP Fatal error:  Maximum execution time of 120 seconds exceeded in D:\Apps\XAMPP\htdocs\varuna\src\core\session.php on line 21
[18-Jun-2025 14:40:31 Asia/Kolkata] PHP Fatal error:  Maximum execution time of 120 seconds exceeded in D:\Apps\XAMPP\htdocs\varuna\src\core\session.php on line 21
[18-Jun-2025 14:40:31 Asia/Kolkata] PHP Fatal error:  Maximum execution time of 120 seconds exceeded in D:\Apps\XAMPP\htdocs\varuna\src\core\session.php on line 21
[18-Jun-2025 14:40:31 Asia/Kolkata] PHP Fatal error:  Maximum execution time of 120 seconds exceeded in D:\Apps\XAMPP\htdocs\varuna\src\core\session.php on line 21
[18-Jun-2025 14:40:31 Asia/Kolkata] PHP Fatal error:  Maximum execution time of 120 seconds exceeded in D:\Apps\XAMPP\htdocs\varuna\src\core\session.php on line 21
[18-Jun-2025 14:40:31 Asia/Kolkata] PHP Fatal error:  Maximum execution time of 120 seconds exceeded in D:\Apps\XAMPP\htdocs\varuna\src\core\session.php on line 21
[18-Jun-2025 14:40:31 Asia/Kolkata] PHP Fatal error:  Maximum execution time of 120 seconds exceeded in D:\Apps\XAMPP\htdocs\varuna\src\core\session.php on line 21
[18-Jun-2025 14:40:31 Asia/Kolkata] PHP Fatal error:  Maximum execution time of 120 seconds exceeded in D:\Apps\XAMPP\htdocs\varuna\src\core\session.php on line 21
[18-Jun-2025 14:40:31 Asia/Kolkata] PHP Fatal error:  Maximum execution time of 120 seconds exceeded in D:\Apps\XAMPP\htdocs\varuna\src\core\session.php on line 21
[18-Jun-2025 14:40:31 Asia/Kolkata] PHP Fatal error:  Maximum execution time of 120 seconds exceeded in D:\Apps\XAMPP\htdocs\varuna\src\core\session.php on line 21
[18-Jun-2025 14:40:31 Asia/Kolkata] PHP Fatal error:  Maximum execution time of 120 seconds exceeded in D:\Apps\XAMPP\htdocs\varuna\src\core\session.php on line 21
[18-Jun-2025 14:40:31 Asia/Kolkata] PHP Fatal error:  Maximum execution time of 120 seconds exceeded in D:\Apps\XAMPP\htdocs\varuna\src\core\session.php on line 21
[18-Jun-2025 14:40:31 Asia/Kolkata] PHP Fatal error:  Maximum execution time of 120 seconds exceeded in D:\Apps\XAMPP\htdocs\varuna\src\core\session.php on line 21
[18-Jun-2025 14:40:31 Asia/Kolkata] PHP Fatal error:  Maximum execution time of 120 seconds exceeded in D:\Apps\XAMPP\htdocs\varuna\src\core\session.php on line 21
[18-Jun-2025 14:40:31 Asia/Kolkata] PHP Fatal error:  Maximum execution time of 120 seconds exceeded in D:\Apps\XAMPP\htdocs\varuna\src\core\session.php on line 21
[18-Jun-2025 14:40:31 Asia/Kolkata] PHP Fatal error:  Maximum execution time of 120 seconds exceeded in D:\Apps\XAMPP\htdocs\varuna\src\core\session.php on line 21
[18-Jun-2025 14:40:31 Asia/Kolkata] PHP Fatal error:  Maximum execution time of 120 seconds exceeded in D:\Apps\XAMPP\htdocs\varuna\src\core\session.php on line 21
[18-Jun-2025 14:40:31 Asia/Kolkata] PHP Fatal error:  Maximum execution time of 120 seconds exceeded in D:\Apps\XAMPP\htdocs\varuna\src\core\session.php on line 21
[18-Jun-2025 14:40:31 Asia/Kolkata] PHP Fatal error:  Maximum execution time of 120 seconds exceeded in D:\Apps\XAMPP\htdocs\varuna\src\core\session.php on line 21
[18-Jun-2025 14:40:31 Asia/Kolkata] PHP Fatal error:  Maximum execution time of 120 seconds exceeded in D:\Apps\XAMPP\htdocs\varuna\src\core\session.php on line 21
[18-Jun-2025 14:40:31 Asia/Kolkata] PHP Fatal error:  Maximum execution time of 120 seconds exceeded in D:\Apps\XAMPP\htdocs\varuna\src\core\session.php on line 21
[18-Jun-2025 14:40:31 Asia/Kolkata] PHP Fatal error:  Maximum execution time of 120 seconds exceeded in D:\Apps\XAMPP\htdocs\varuna\src\core\session.php on line 21
[18-Jun-2025 14:40:31 Asia/Kolkata] PHP Fatal error:  Maximum execution time of 120 seconds exceeded in D:\Apps\XAMPP\htdocs\varuna\src\core\session.php on line 21
[18-Jun-2025 16:37:37 Asia/Kolkata] PHP Fatal error:  Uncaught Exception: CSRF validation failed. Please refresh and try again. in D:\Apps\XAMPP\htdocs\varuna\src\core\session.php:51
Stack trace:
#0 D:\Apps\XAMPP\htdocs\varuna\public\api\admin\add_contract_type.php(6): validate_csrf_token('96d890e1d615b95...')
#1 {main}
  thrown in D:\Apps\XAMPP\htdocs\varuna\src\core\session.php on line 51
[18-Jun-2025 16:38:07 Asia/Kolkata] PHP Fatal error:  Uncaught Exception: CSRF validation failed. Please refresh and try again. in D:\Apps\XAMPP\htdocs\varuna\src\core\session.php:51
Stack trace:
#0 D:\Apps\XAMPP\htdocs\varuna\public\api\admin\add_contract_type.php(6): validate_csrf_token('96d890e1d615b95...')
#1 {main}
  thrown in D:\Apps\XAMPP\htdocs\varuna\src\core\session.php on line 51
[18-Jun-2025 16:38:22 Asia/Kolkata] PHP Fatal error:  Uncaught Exception: CSRF validation failed. Please refresh and try again. in D:\Apps\XAMPP\htdocs\varuna\src\core\session.php:51
Stack trace:
#0 D:\Apps\XAMPP\htdocs\varuna\public\api\admin\add_contract_type.php(6): validate_csrf_token('')
#1 {main}
  thrown in D:\Apps\XAMPP\htdocs\varuna\src\core\session.php on line 51
[18-Jun-2025 16:38:24 Asia/Kolkata] PHP Fatal error:  Uncaught Exception: CSRF validation failed. Please refresh and try again. in D:\Apps\XAMPP\htdocs\varuna\src\core\session.php:51
Stack trace:
#0 D:\Apps\XAMPP\htdocs\varuna\public\api\admin\add_contract_type.php(6): validate_csrf_token('')
#1 {main}
  thrown in D:\Apps\XAMPP\htdocs\varuna\src\core\session.php on line 51
[18-Jun-2025 16:38:55 Asia/Kolkata] PHP Fatal error:  Uncaught Exception: CSRF validation failed. Please refresh and try again. in D:\Apps\XAMPP\htdocs\varuna\src\core\session.php:51
Stack trace:
#0 D:\Apps\XAMPP\htdocs\varuna\public\api\admin\add_designation.php(6): validate_csrf_token('26e4bf8c30c57ce...')
#1 {main}
  thrown in D:\Apps\XAMPP\htdocs\varuna\src\core\session.php on line 51
[18-Jun-2025 16:45:25 Asia/Kolkata] PHP Fatal error:  Uncaught Exception: CSRF validation failed. Please refresh and try again. in D:\Apps\XAMPP\htdocs\varuna\src\core\session.php:51
Stack trace:
#0 D:\Apps\XAMPP\htdocs\varuna\public\api\admin\add_contract_type.php(6): validate_csrf_token('6ee42751fe459f9...')
#1 {main}
  thrown in D:\Apps\XAMPP\htdocs\varuna\src\core\session.php on line 51
------------------------------------------------------------------[18-Jun-2025 16:46:05 Asia/Kolkata] PHP Fatal error:  Uncaught Exception: CSRF validation failed. Please refresh and try again. in D:\Apps\XAMPP\htdocs\varuna\src\core\session.php:51
Stack trace:
#0 D:\Apps\XAMPP\htdocs\varuna\public\api\admin\add_contract_type.php(6): validate_csrf_token('6ee42751fe459f9...')
#1 {main}
  thrown in D:\Apps\XAMPP\htdocs\varuna\src\core\session.php on line 51
[18-Jun-2025 16:46:35 Asia/Kolkata] PHP Fatal error:  Uncaught Exception: CSRF validation failed. Please refresh and try again. in D:\Apps\XAMPP\htdocs\varuna\src\core\session.php:51
Stack trace:
#0 D:\Apps\XAMPP\htdocs\varuna\public\api\admin\add_designation.php(6): validate_csrf_token('6ee42751fe459f9...')
#1 {main}
  thrown in D:\Apps\XAMPP\htdocs\varuna\src\core\session.php on line 51
[18-Jun-2025 16:48:46 Asia/Kolkata] PHP Fatal error:  Uncaught Exception: CSRF validation failed. Please refresh and try again. in D:\Apps\XAMPP\htdocs\varuna\src\core\session.php:51
Stack trace:
#0 D:\Apps\XAMPP\htdocs\varuna\public\api\admin\add_contract_type.php(6): validate_csrf_token('dd8b611bc94fddf...')
#1 {main}
  thrown in D:\Apps\XAMPP\htdocs\varuna\src\core\session.php on line 51
[18-Jun-2025 16:49:23 Asia/Kolkata] PHP Fatal error:  Uncaught Exception: CSRF validation failed. Please refresh and try again. in D:\Apps\XAMPP\htdocs\varuna\src\core\session.php:51
Stack trace:
#0 D:\Apps\XAMPP\htdocs\varuna\public\api\admin\add_designation.php(6): validate_csrf_token('dd8b611bc94fddf...')
#1 {main}
  thrown in D:\Apps\XAMPP\htdocs\varuna\src\core\session.php on line 51
[18-Jun-2025 16:53:33 Asia/Kolkata] PHP Fatal error:  Uncaught Exception: CSRF validation failed. Please refresh and try again. in D:\Apps\XAMPP\htdocs\varuna\src\core\session.php:51
Stack trace:
#0 D:\Apps\XAMPP\htdocs\varuna\public\api\admin\add_contract_type.php(6): validate_csrf_token('27a64079e3ea87b...')
#1 {main}
  thrown in D:\Apps\XAMPP\htdocs\varuna\src\core\session.php on line 51
[18-Jun-2025 16:53:39 Asia/Kolkata] PHP Fatal error:  Uncaught Exception: CSRF validation failed. Please refresh and try again. in D:\Apps\XAMPP\htdocs\varuna\src\core\session.php:51
Stack trace:
#0 D:\Apps\XAMPP\htdocs\varuna\public\api\admin\add_contract_type.php(6): validate_csrf_token('')
#1 {main}
  thrown in D:\Apps\XAMPP\htdocs\varuna\src\core\session.php on line 51
[18-Jun-2025 16:58:35 Asia/Kolkata] PHP Fatal error:  Uncaught Exception: CSRF validation failed. Please refresh and try again. in D:\Apps\XAMPP\htdocs\varuna\src\core\session.php:51
Stack trace:
#0 D:\Apps\XAMPP\htdocs\varuna\public\api\admin\add_contract_type.php(6): validate_csrf_token('a13460d1ae25733...')
#1 {main}
  thrown in D:\Apps\XAMPP\htdocs\varuna\src\core\session.php on line 51
[19-Jun-2025 12:40:20 Asia/Kolkata] PHP Warning:  file_get_contents(http://localhost/varuna/public/api/get_staff_for_bulk_print.php?filter_by=licensee&amp;filter_value=1): Failed to open stream: HTTP request failed! HTTP/1.1 403 Forbidden
 in D:\Apps\XAMPP\htdocs\varuna\public\bulk_id_page.php on line 14
[19-Jun-2025 12:40:31 Asia/Kolkata] PHP Warning:  file_get_contents(http://localhost/varuna/public/api/get_staff_for_bulk_print.php?filter_by=station&amp;filter_value=CSMT): Failed to open stream: HTTP request failed! HTTP/1.1 403 Forbidden
 in D:\Apps\XAMPP\htdocs\varuna\public\bulk_id_page.php on line 14
[19-Jun-2025 12:46:10 Asia/Kolkata] PHP Warning:  file_get_contents(http://localhost/varuna/public/api/get_staff_for_bulk_print.php?filter_by=station&amp;filter_value=CSMT): Failed to open stream: HTTP request failed! HTTP/1.1 403 Forbidden
 in D:\Apps\XAMPP\htdocs\varuna\public\bulk_id_page.php on line 14
[19-Jun-2025 17:20:33 Asia/Kolkata] PHP Deprecated:  htmlspecialchars(): Passing null to parameter #1 ($string) of type string is deprecated in D:\Apps\XAMPP\htdocs\varuna\public\id_card.php on line 315
[19-Jun-2025 17:41:43 Asia/Kolkata] PHP Fatal error:  Uncaught Exception: CSRF validation failed. Please refresh and try again. in D:\Apps\XAMPP\htdocs\varuna\src\core\session.php:51
Stack trace:
#0 D:\Apps\XAMPP\htdocs\varuna\public\api\admin\update_record.php(11): validate_csrf_token('d73418892c2cf13...')
#1 {main}
  thrown in D:\Apps\XAMPP\htdocs\varuna\src\core\session.php on line 51
[19-Jun-2025 17:41:46 Asia/Kolkata] PHP Fatal error:  Uncaught Exception: CSRF validation failed. Please refresh and try again. in D:\Apps\XAMPP\htdocs\varuna\src\core\session.php:51
Stack trace:
#0 D:\Apps\XAMPP\htdocs\varuna\public\api\admin\update_record.php(11): validate_csrf_token('d73418892c2cf13...')
#1 {main}
  thrown in D:\Apps\XAMPP\htdocs\varuna\src\core\session.php on line 51
[19-Jun-2025 17:42:08 Asia/Kolkata] PHP Fatal error:  Uncaught Exception: CSRF validation failed. Please refresh and try again. in D:\Apps\XAMPP\htdocs\varuna\src\core\session.php:51
Stack trace:
#0 D:\Apps\XAMPP\htdocs\varuna\public\api\admin\update_record.php(11): validate_csrf_token('ba57af50cbe5374...')
#1 {main}
  thrown in D:\Apps\XAMPP\htdocs\varuna\src\core\session.php on line 51
----------------------------------------------------------------------------------
[23-Jun-2025 10:54:59 Asia/Kolkata] PHP Fatal error:  Cannot redeclare renderIdCard() (previously declared in D:\Apps\XAMPP\htdocs\varuna\public\bulk_id_page.php:44) in D:\Apps\XAMPP\htdocs\varuna\public\bulk_id_page.php on line 44
[23-Jun-2025 10:55:18 Asia/Kolkata] PHP Fatal error:  Cannot redeclare renderIdCard() (previously declared in D:\Apps\XAMPP\htdocs\varuna\public\bulk_id_page.php:44) in D:\Apps\XAMPP\htdocs\varuna\public\bulk_id_page.php on line 44
[23-Jun-2025 12:07:51 Asia/Kolkata] PHP Warning:  Undefined array key "role" in D:\Apps\XAMPP\htdocs\varuna\src\views\approved_staff_view.php on line 2
[23-Jun-2025 13:33:54 Asia/Kolkata] PHP Warning:  Undefined array key "role" in D:\Apps\XAMPP\htdocs\varuna\src\views\approved_staff_view.php on line 2
[23-Jun-2025 14:11:45 Asia/Kolkata] PHP Warning:  Undefined array key "role" in D:\Apps\XAMPP\htdocs\varuna\src\views\approved_staff_view.php on line 2
